2023-04-15T12:48:13.358+08:00  INFO 11296 --- [main] com.demo.proj.ProjApplication            : Starting ProjApplication using Java 17.0.6 with PID 11296 (D:\idea\maven\ywx\target\classes started by csyan in D:\idea\maven\ywx)
2023-04-15T12:48:13.358+08:00  INFO 11296 --- [main] com.demo.proj.ProjApplication            : No active profile set, falling back to 1 default profile: "default"
2023-04-15T12:48:13.699+08:00  INFO 11296 --- [main] .s.d.r.c.RepositoryConfigurationDelegate : Multiple Spring Data modules found, entering strict repository configuration mode
2023-04-15T12:48:13.699+08:00  INFO 11296 --- [main] .s.d.r.c.RepositoryConfigurationDelegate : Bootstrapping Spring Data Redis repositories in DEFAULT mode.
2023-04-15T12:48:13.719+08:00  INFO 11296 --- [main] .s.d.r.c.RepositoryConfigurationDelegate : Finished Spring Data repository scanning in 8 ms. Found 0 Redis repository interfaces.
2023-04-15T12:48:14.069+08:00  INFO 11296 --- [main] o.s.b.w.embedded.tomcat.TomcatWebServer  : Tomcat initialized with port(s): 8080 (http)
2023-04-15T12:48:14.079+08:00  INFO 11296 --- [main] o.apache.catalina.core.StandardService   : Starting service [Tomcat]
2023-04-15T12:48:14.079+08:00  INFO 11296 --- [main] o.apache.catalina.core.StandardEngine    : Starting Servlet engine: [Apache Tomcat/10.1.7]
2023-04-15T12:48:14.129+08:00  INFO 11296 --- [main] o.a.c.c.C.[Tomcat].[localhost].[/]       : Initializing Spring embedded WebApplicationContext
2023-04-15T12:48:14.129+08:00  INFO 11296 --- [main] w.s.c.ServletWebServerApplicationContext : Root WebApplicationContext: initialization completed in 735 ms
2023-04-15T12:48:14.539+08:00  WARN 11296 --- [main] ion$DefaultTemplateResolverConfiguration : Cannot find template location: classpath:/templates/ (please add some templates, check your Thymeleaf configuration, or set spring.thymeleaf.check-template-location=false)
2023-04-15T12:48:14.659+08:00  INFO 11296 --- [main] o.s.b.w.embedded.tomcat.TomcatWebServer  : Tomcat started on port(s): 8080 (http) with context path ''
2023-04-15T12:48:14.659+08:00  INFO 11296 --- [main] com.demo.proj.ProjApplication            : Started ProjApplication in 1.528 seconds (process running for 1.901)
2023-04-15T12:48:45.308+08:00  INFO 13752 --- [main] com.demo.proj.ProjApplication            : Starting ProjApplication using Java 17.0.6 with PID 13752 (D:\idea\maven\ywx\target\classes started by csyan in D:\idea\maven\ywx)
2023-04-15T12:48:45.308+08:00  INFO 13752 --- [main] com.demo.proj.ProjApplication            : No active profile set, falling back to 1 default profile: "default"
2023-04-15T12:48:45.636+08:00  INFO 13752 --- [main] .s.d.r.c.RepositoryConfigurationDelegate : Multiple Spring Data modules found, entering strict repository configuration mode
2023-04-15T12:48:45.636+08:00  INFO 13752 --- [main] .s.d.r.c.RepositoryConfigurationDelegate : Bootstrapping Spring Data Redis repositories in DEFAULT mode.
2023-04-15T12:48:45.656+08:00  INFO 13752 --- [main] .s.d.r.c.RepositoryConfigurationDelegate : Finished Spring Data repository scanning in 7 ms. Found 0 Redis repository interfaces.
2023-04-15T12:48:45.986+08:00  INFO 13752 --- [main] o.s.b.w.embedded.tomcat.TomcatWebServer  : Tomcat initialized with port(s): 8080 (http)
2023-04-15T12:48:45.996+08:00  INFO 13752 --- [main] o.apache.catalina.core.StandardService   : Starting service [Tomcat]
2023-04-15T12:48:45.996+08:00  INFO 13752 --- [main] o.apache.catalina.core.StandardEngine    : Starting Servlet engine: [Apache Tomcat/10.1.7]
2023-04-15T12:48:46.056+08:00  INFO 13752 --- [main] o.a.c.c.C.[Tomcat].[localhost].[/]       : Initializing Spring embedded WebApplicationContext
2023-04-15T12:48:46.056+08:00  INFO 13752 --- [main] w.s.c.ServletWebServerApplicationContext : Root WebApplicationContext: initialization completed in 716 ms
2023-04-15T12:48:46.436+08:00  WARN 13752 --- [main] ion$DefaultTemplateResolverConfiguration : Cannot find template location: classpath:/templates/ (please add some templates, check your Thymeleaf configuration, or set spring.thymeleaf.check-template-location=false)
2023-04-15T12:48:46.556+08:00  INFO 13752 --- [main] o.s.b.w.embedded.tomcat.TomcatWebServer  : Tomcat started on port(s): 8080 (http) with context path ''
2023-04-15T12:48:46.566+08:00  INFO 13752 --- [main] com.demo.proj.ProjApplication            : Started ProjApplication in 1.473 seconds (process running for 1.859)
